[debug] [2021-03-27T11:02:27.856Z] ----------------------------------------------------------------------
[debug] [2021-03-27T11:02:27.879Z] Command:       C:\Program Files\nodejs\node.exe C:\Users\Dell pc\AppData\Roaming\npm\node_modules\firebase-tools\lib\bin\firebase.js init
[debug] [2021-03-27T11:02:27.881Z] CLI Version:   9.8.0
[debug] [2021-03-27T11:02:27.882Z] Platform:      win32
[debug] [2021-03-27T11:02:27.882Z] Node Version:  v10.14.1
[debug] [2021-03-27T11:02:27.920Z] Time:          Sat Mar 27 2021 16:32:27 GMT+0530 (India Standard Time)
[debug] [2021-03-27T11:02:27.921Z] ----------------------------------------------------------------------
[debug] 
[debug] [2021-03-27T11:02:27.954Z] >>> [apiv2][query] GET https://firebase-public.firebaseio.com/cli.json [none]
[debug] [2021-03-27T11:02:28.190Z] > command requires scopes: ["email","openid","https://www.googleapis.com/auth/cloudplatformprojects.readonly","https://www.googleapis.com/auth/firebase","https://www.googleapis.com/auth/cloud-platform"]
[debug] [2021-03-27T11:02:28.192Z] > authorizing via signed-in user
[info] 
     ######## #### ########  ######## ########     ###     ######  ########
     ##        ##  ##     ## ##       ##     ##  ##   ##  ##       ##
     ######    ##  ########  ######   ########  #########  ######  ######
     ##        ##  ##    ##  ##       ##     ## ##     ##       ## ##
     ##       #### ##     ## ######## ########  ##     ##  ######  ########

You're about to initialize a Firebase project in this directory:

  D:\react-learn\todo_app

[debug] [2021-03-27T11:02:29.257Z] <<< [apiv2][status] GET https://firebase-public.firebaseio.com/cli.json 200
[debug] [2021-03-27T11:02:29.258Z] <<< [apiv2][body] GET https://firebase-public.firebaseio.com/cli.json {"cloudBuildErrorAfter":1594252800000,"cloudBuildWarnAfter":1590019200000,"defaultNode10After":1594252800000,"minVersion":"3.0.5","node8DeploysDisabledAfter":1613390400000,"node8RuntimeDisabledAfter":1615809600000,"node8WarnAfter":1600128000000}
[info] 
=== Project Setup
[info] 
[info] First, let's associate this project directory with a Firebase project.
[info] You can create multiple project aliases by running firebase use --add, 
[info] but for now we'll just set up a default project.
[info] 
[debug] [2021-03-27T11:10:59.963Z] > refreshing access token with scopes: []
[debug] [2021-03-27T11:10:59.964Z] >>> HTTP REQUEST POST https://www.googleapis.com/oauth2/v3/token  
 <request body omitted>
[debug] [2021-03-27T11:11:00.165Z] <<< HTTP RESPONSE 400 {"pragma":"no-cache","date":"Sat, 27 Mar 2021 11:11:00 GMT","expires":"Mon, 01 Jan 1990 00:00:00 GMT","cache-control":"no-cache, no-store, max-age=0, must-revalidate","content-type":"application/json; charset=utf-8","vary":"X-Origin, Referer, Origin,Accept-Encoding","server":"scaffolding on HTTPServer2","x-xss-protection":"0","x-frame-options":"SAMEORIGIN","x-content-type-options":"nosniff","alt-svc":"h3-29=\":443\"; ma=2592000,h3-T051=\":443\"; ma=2592000,h3-Q050=\":443\"; ma=2592000,h3-Q046=\":443\"; ma=2592000,h3-Q043=\":443\"; ma=2592000,quic=\":443\"; ma=2592000; v=\"46,43\"","accept-ranges":"none","transfer-encoding":"chunked"}
[debug] [2021-03-27T11:11:00.172Z] >>> [apiv2][query] GET https://firebase.googleapis.com/v1beta1/projects pageSize=100
[debug] [2021-03-27T11:11:00.389Z] <<< [apiv2][status] GET https://firebase.googleapis.com/v1beta1/projects 401
[debug] [2021-03-27T11:11:00.390Z] <<< [apiv2][body] GET https://firebase.googleapis.com/v1beta1/projects [omitted]
[debug] [2021-03-27T11:11:00.391Z] HTTP Error: 401, Request had invalid authentication credentials. Expected OAuth 2 access token, login cookie or other valid authentication credential. See https://developers.google.com/identity/sign-in/web/devconsole-project.
[debug] [2021-03-27T11:11:00.580Z] FirebaseError: HTTP Error: 401, Request had invalid authentication credentials. Expected OAuth 2 access token, login cookie or other valid authentication credential. See https://developers.google.com/identity/sign-in/web/devconsole-project.
    at module.exports (C:\Users\Dell pc\AppData\Roaming\npm\node_modules\firebase-tools\lib\responseToError.js:38:12)
    at Client.doRequest (C:\Users\Dell pc\AppData\Roaming\npm\node_modules\firebase-tools\lib\apiv2.js:238:23)
    at process._tickCallback (internal/process/next_tick.js:68:7)
[error] 
[error] Error: Failed to list Firebase projects. See firebase-debug.log for more info.
[debug] [2021-03-27T11:11:12.626Z] ----------------------------------------------------------------------
[debug] [2021-03-27T11:11:12.629Z] Command:       C:\Program Files\nodejs\node.exe C:\Users\Dell pc\AppData\Roaming\npm\node_modules\firebase-tools\lib\bin\firebase.js init
[debug] [2021-03-27T11:11:12.629Z] CLI Version:   9.8.0
[debug] [2021-03-27T11:11:12.630Z] Platform:      win32
[debug] [2021-03-27T11:11:12.630Z] Node Version:  v10.14.1
[debug] [2021-03-27T11:11:12.631Z] Time:          Sat Mar 27 2021 16:41:12 GMT+0530 (India Standard Time)
[debug] [2021-03-27T11:11:12.631Z] ----------------------------------------------------------------------
[debug] 
[debug] [2021-03-27T11:11:12.640Z] > command requires scopes: ["email","openid","https://www.googleapis.com/auth/cloudplatformprojects.readonly","https://www.googleapis.com/auth/firebase","https://www.googleapis.com/auth/cloud-platform"]
[debug] [2021-03-27T11:11:12.641Z] > authorizing via signed-in user
[info] 
     ######## #### ########  ######## ########     ###     ######  ########
     ##        ##  ##     ## ##       ##     ##  ##   ##  ##       ##
     ######    ##  ########  ######   ########  #########  ######  ######
     ##        ##  ##    ##  ##       ##     ## ##     ##       ## ##
     ##       #### ##     ## ######## ########  ##     ##  ######  ########

You're about to initialize a Firebase project in this directory:

  D:\react-learn\todo_app

